\BOOKMARK [1][-]{section*.1}{\376\377\000C\000o\000n\000t\000e\000n\000t\000s}{}% 1
\BOOKMARK [1][-]{section.1}{\376\377\000I\000n\000t\000r\000o\000d\000u\000c\000t\000i\000o\000n}{}% 2
\BOOKMARK [1][-]{section.2}{\376\377\000A\000i\000m}{}% 3
\BOOKMARK [1][-]{section.3}{\376\377\000D\000r\000u\000g\000\040\000R\000e\000p\000r\000e\000s\000e\000n\000t\000a\000t\000i\000o\000n}{}% 4
\BOOKMARK [2][-]{subsection.3.1}{\376\377\000S\000M\000I\000L\000E\000S\000\040\000n\000o\000t\000a\000t\000i\000o\000n}{section.3}% 5
\BOOKMARK [1][-]{section.4}{\376\377\000P\000r\000o\000t\000e\000i\000n\000\040\000R\000e\000p\000r\000e\000s\000e\000n\000t\000a\000t\000i\000o\000n}{}% 6
\BOOKMARK [2][-]{subsection.4.1}{\376\377\000P\000r\000o\000t\000e\000i\000n\000\040\000S\000e\000q\000u\000e\000n\000c\000e}{section.4}% 7
\BOOKMARK [1][-]{section.5}{\376\377\000B\000i\000n\000d\000i\000n\000g\000\040\000a\000f\000f\000i\000n\000i\000t\000y\000\040\000m\000e\000a\000s\000u\000r\000e\000m\000e\000n\000t\000s}{}% 8
\BOOKMARK [2][-]{subsection.5.1}{\376\377\000T\000h\000e\000\040\000k\000i\000n\000a\000s\000e\000\040\000d\000i\000s\000s\000o\000c\000i\000a\000t\000i\000o\000n\000\040\000c\000o\000n\000s\000t\000a\000n\000t\000\040\000k\000d}{section.5}% 9
\BOOKMARK [2][-]{subsection.5.2}{\376\377\000T\000h\000e\000\040\000k\000i\000n\000a\000s\000e\000\040\000I\000n\000h\000i\000b\000i\000t\000i\000o\000n\000\040\000C\000o\000n\000s\000t\000a\000n\000t\000\040\000k\000i}{section.5}% 10
\BOOKMARK [2][-]{subsection.5.3}{\376\377\000i\000n\000h\000i\000b\000i\000t\000o\000r\000y\000\040\000c\000o\000n\000c\000e\000n\000t\000r\000a\000t\000i\000o\000n\000\040\0005\0000\000\045\000\040\000I\000C\0005\0000}{section.5}% 11
\BOOKMARK [1][-]{section.6}{\376\377\000D\000a\000t\000a\000s\000e\000t\000s}{}% 12
\BOOKMARK [2][-]{subsection.6.1}{\376\377\000d\000a\000v\000i\000s\000\040\000b\000e\000n\000c\000h\000m\000a\000r\000k\000\040\000d\000a\000t\000a\000s\000e\000t}{section.6}% 13
\BOOKMARK [3][-]{subsubsection.6.1.1}{\376\377\000b\000i\000n\000d\000i\000n\000g\000\040\000a\000f\000f\000i\000n\000i\000t\000y\000\040\000m\000e\000a\000s\000u\000r\000e\000m\000e\000n\000t}{subsection.6.1}% 14
\BOOKMARK [3][-]{subsubsection.6.1.2}{\376\377\000s\000t\000r\000u\000c\000t\000u\000r\000e}{subsection.6.1}% 15
\BOOKMARK [2][-]{subsection.6.2}{\376\377\000k\000i\000b\000a\000\040\000b\000e\000n\000c\000h\000m\000a\000r\000k\000\040\000d\000a\000t\000a\000s\000e\000t}{section.6}% 16
\BOOKMARK [3][-]{subsubsection.6.2.1}{\376\377\000b\000i\000n\000d\000i\000n\000g\000\040\000a\000f\000f\000i\000n\000i\000t\000y\000\040\000m\000e\000a\000s\000u\000r\000e\000m\000e\000n\000t}{subsection.6.2}% 17
\BOOKMARK [3][-]{subsubsection.6.2.2}{\376\377\000s\000t\000r\000u\000c\000t\000u\000r\000e}{subsection.6.2}% 18
\BOOKMARK [2][-]{subsection.6.3}{\376\377\000U\000R\000V\000\040\000d\000a\000t\000a\000s\000e\000t}{section.6}% 19
\BOOKMARK [3][-]{subsubsection.6.3.1}{\376\377\000b\000i\000n\000d\000i\000n\000g\000\040\000a\000f\000f\000i\000n\000i\000t\000y\000\040\000m\000e\000a\000s\000u\000r\000e\000m\000e\000n\000t}{subsection.6.3}% 20
\BOOKMARK [3][-]{subsubsection.6.3.2}{\376\377\000s\000t\000r\000u\000c\000t\000u\000r\000e}{subsection.6.3}% 21
\BOOKMARK [3][-]{subsubsection.6.3.3}{\376\377\000p\000r\000o\000t\000e\000i\000n\000\040\000p\000r\000e\000p\000r\000o\000c\000e\000s\000s\000i\000n\000g}{subsection.6.3}% 22
\BOOKMARK [3][-]{subsubsection.6.3.4}{\376\377\000d\000r\000u\000g\000\050\000l\000i\000g\000a\000n\000d\000\051\000\040\000p\000r\000e\000p\000r\000o\000c\000e\000s\000s\000i\000n\000g}{subsection.6.3}% 23
\BOOKMARK [1][-]{section.7}{\376\377\000P\000r\000e\000v\000i\000o\000u\000s\000\040\000W\000o\000r\000k\000\040\000a\000n\000d\000\040\000c\000o\000n\000t\000r\000i\000b\000u\000t\000i\000o\000n}{}% 24
\BOOKMARK [2][-]{subsection.7.1}{\376\377\000P\000r\000e\000v\000i\000o\000u\000s\000\040\000W\000o\000r\000k}{section.7}% 25
\BOOKMARK [3][-]{subsubsection.7.1.1}{\376\377\000c\000o\000l\000l\000a\000b\000o\000r\000a\000t\000i\000v\000e\000\040\000f\000i\000l\000t\000e\000r\000i\000n\000g\000\040\000\050\0002\0000\0001\0007\000\051\000\040\0008}{subsection.7.1}% 26
\BOOKMARK [3][-]{subsubsection.7.1.2}{\376\377\000D\000e\000e\000p\000D\000T\000A\000\040\000m\000o\000d\000e\000l\000\040\000\050\0002\0000\0001\0008\000\051\000\040\0009}{subsection.7.1}% 27
\BOOKMARK [3][-]{subsubsection.7.1.3}{\376\377\000W\000i\000d\000e\000D\000T\000A\000\040\000m\000o\000d\000e\000l\000\040\000\050\0002\0000\0001\0009\000\051\000\040\0001\0000}{subsection.7.1}% 28
\BOOKMARK [2][-]{subsection.7.2}{\376\377\000C\000o\000n\000t\000r\000i\000b\000u\000t\000i\000o\000n}{section.7}% 29
\BOOKMARK [3][-]{subsubsection.7.2.1}{\376\377\000G\000r\000a\000p\000h\000D\000T\000A\000\040\000p\000a\000p\000e\000r\000\040\000\050\0002\0000\0002\0000\000\051}{subsection.7.2}% 30
\BOOKMARK [3][-]{subsubsection.7.2.2}{\376\377\000W\000o\000r\000k\000\040\000d\000o\000n\000e\000\040\000i\000n\000\040\000t\000h\000e\000\040\000t\000h\000e\000s\000i\000s}{subsection.7.2}% 31
\BOOKMARK [1][-]{section.8}{\376\377\000N\000e\000t\000w\000o\000r\000k\000\040\000a\000r\000c\000h\000i\000t\000e\000c\000t\000u\000r\000e}{}% 32
\BOOKMARK [2][-]{subsection.8.1}{\376\377\000G\000C\000N\000-\000b\000a\000s\000e\000d\000\040\000g\000r\000a\000p\000h\000\040\000r\000e\000p\000r\000e\000s\000e\000n\000t\000a\000t\000i\000o\000n\000\040\000l\000e\000a\000r\000n\000i\000n\000g}{section.8}% 33
\BOOKMARK [1][-]{section.9}{\376\377\000R\000e\000s\000u\000l\000t\000s}{}% 34
\BOOKMARK [2][-]{subsection.9.1}{\376\377\000f\000o\000r\000\040\000d\000a\000v\000i\000s\000\040\000d\000a\000t\000a\000s\000e\000t}{section.9}% 35
\BOOKMARK [3][-]{subsubsection.9.1.1}{\376\377\000t\000r\000a\000i\000n\000\040\000a\000n\000d\000\040\000t\000e\000s\000t\000\040\000o\000f\000\040\000G\000C\000N\000-\000b\000a\000s\000e\000d\000\040\000m\000o\000d\000e\000l}{subsection.9.1}% 36
\BOOKMARK [3][-]{subsubsection.9.1.2}{\376\377\000t\000r\000a\000i\000n\000\040\000a\000n\000d\000\040\000t\000e\000s\000t\000\040\000o\000f\000\040\000G\000A\000T\000G\000C\000N\000-\000b\000a\000s\000e\000d\000\040\000m\000o\000d\000e\000l}{subsection.9.1}% 37
\BOOKMARK [3][-]{subsubsection.9.1.3}{\376\377\000t\000r\000a\000i\000n\000\040\000a\000n\000d\000\040\000t\000e\000s\000t\000\040\000G\000A\000T\000-\000b\000a\000s\000e\000d\000\040\000m\000o\000d\000e\000l}{subsection.9.1}% 38
\BOOKMARK [3][-]{subsubsection.9.1.4}{\376\377\000t\000r\000a\000i\000n\000\040\000a\000n\000d\000\040\000t\000e\000s\000t\000\040\000G\000I\000N\000C\000O\000N\000V\000-\000b\000a\000s\000e\000d\000\040\000m\000o\000d\000e\000l}{subsection.9.1}% 39
\BOOKMARK [2][-]{subsection.9.2}{\376\377\000f\000o\000r\000\040\000k\000i\000b\000a\000\040\000d\000a\000t\000a\000s\000e\000t}{section.9}% 40
\BOOKMARK [3][-]{subsubsection.9.2.1}{\376\377\000t\000r\000a\000i\000n\000\040\000a\000n\000d\000\040\000t\000e\000s\000t\000\040\000G\000C\000N\000-\000b\000a\000s\000e\000d\000\040\000m\000o\000d\000e\000l}{subsection.9.2}% 41
\BOOKMARK [3][-]{subsubsection.9.2.2}{\376\377\000t\000r\000a\000i\000n\000\040\000a\000n\000d\000\040\000t\000e\000s\000t\000\040\000G\000A\000T\000G\000C\000N\000-\000b\000a\000s\000e\000d\000\040\000m\000o\000d\000e\000l}{subsection.9.2}% 42
\BOOKMARK [3][-]{subsubsection.9.2.3}{\376\377\000t\000r\000a\000i\000n\000\040\000a\000n\000d\000\040\000t\000e\000s\000t\000\040\000G\000A\000T\000-\000b\000a\000s\000e\000d\000\040\000m\000o\000d\000e\000l}{subsection.9.2}% 43
\BOOKMARK [3][-]{subsubsection.9.2.4}{\376\377\000t\000r\000a\000i\000n\000\040\000a\000n\000d\000\040\000t\000e\000s\000t\000\040\000G\000I\000N\000C\000O\000N\000V\000-\000b\000a\000s\000e\000d\000\040\000m\000o\000d\000e\000l}{subsection.9.2}% 44
\BOOKMARK [2][-]{subsection.9.3}{\376\377\000f\000o\000r\000\040\000U\000R\000V\000\040\000d\000a\000t\000a\000s\000e\000t}{section.9}% 45
\BOOKMARK [3][-]{subsubsection.9.3.1}{\376\377\000t\000r\000a\000i\000n\000\040\000a\000n\000d\000\040\000t\000e\000s\000t\000\040\000G\000C\000N\000-\000b\000a\000s\000e\000d\000\040\000m\000o\000d\000e\000l}{subsection.9.3}% 46
\BOOKMARK [3][-]{subsubsection.9.3.2}{\376\377\000t\000r\000a\000i\000n\000\040\000a\000n\000d\000\040\000t\000e\000s\000t\000\040\000G\000A\000T\000G\000C\000N\000-\000b\000a\000s\000e\000d\000\040\000m\000o\000d\000e\000l}{subsection.9.3}% 47
\BOOKMARK [3][-]{subsubsection.9.3.3}{\376\377\000t\000r\000a\000i\000n\000\040\000a\000n\000d\000\040\000t\000e\000s\000t\000\040\000G\000A\000T\000-\000b\000a\000s\000e\000d\000\040\000m\000o\000d\000e\000l}{subsection.9.3}% 48
\BOOKMARK [3][-]{subsubsection.9.3.4}{\376\377\000t\000r\000a\000i\000n\000\040\000a\000n\000d\000\040\000t\000e\000s\000t\000\040\000G\000I\000N\000C\000O\000N\000V\000-\000b\000a\000s\000e\000d\000\040\000m\000o\000d\000e\000l}{subsection.9.3}% 49
\BOOKMARK [2][-]{subsection.9.4}{\376\377\000S\000u\000m\000m\000a\000r\000y\000\040\000a\000n\000d\000\040\000c\000o\000n\000c\000l\000u\000s\000i\000o\000n}{section.9}% 50
\BOOKMARK [1][-]{section*.2}{\376\377\000R\000e\000f\000e\000r\000e\000n\000c\000e\000s}{}% 51
